#
# There is insufficient memory for the Java Runtime Environment to continue.
# Native memory allocation (mmap) failed to map 193986560 bytes for G1 virtual space
# Possible reasons:
#   The system is out of physical RAM or swap space
#   The process is running with CompressedOops enabled, and the Java Heap may be blocking the growth of the native heap
# Possible solutions:
#   Reduce memory load on the system
#   Increase physical memory or swap space
#   Check if swap backing store is full
#   Decrease Java heap size (-Xmx/-Xms)
#   Decrease number of Java threads
#   Decrease Java thread stack sizes (-Xss)
#   Set larger code cache with -XX:ReservedCodeCacheSize=
#   JVM is running with Unscaled Compressed Oops mode in which the Java heap is
#     placed in the first 4GB address space. The Java Heap base address is the
#     maximum limit for the native heap growth. Please use -XX:HeapBaseMinAddress
#     to set the Java Heap base and to place the Java Heap above 4GB virtual address.
# This output file may be truncated or incomplete.
#
#  Out of Memory Error (os_windows.cpp:3825), pid=128, tid=2664
#
# JRE version: OpenJDK Runtime Environment (17.0.9) (build 17.0.9+0--11185874)
# Java VM: OpenJDK 64-Bit Server VM (17.0.9+0--11185874, mixed mode, tiered, compressed oops, compressed class ptrs, g1 gc, windows-amd64)
# No core dump will be written. Minidumps are not enabled by default on client versions of Windows
#

---------------  S U M M A R Y ------------

Command Line: org.jetbrains.kotlin.cli.jvm.K2JVMCompiler @C:\Users\1\AndroidStudioProjects\Android_HomeWork_7_2\app\build\20240512_6002232300927855732.compiler.options

Host: Intel(R) Core(TM) i5-7200U CPU @ 2.50GHz, 4 cores, 5G,  Windows 10 , 64 bit Build 19041 (10.0.19041.3636)
Time: Sun May 12 14:50:23 2024 RTZ 2 (s 10 , 64 bit Build 19041 (10.0.19041.3636) elapsed time: 22.909504 seconds (0d 0h 0m 22s)

---------------  T H R E A D  ---------------

Current thread (0x000001a1795d8cd0):  VMThread "VM Thread" [stack: 0x0000007f91300000,0x0000007f91400000] [id=2664]

Stack: [0x0000007f91300000,0x0000007f91400000]
Native frames: (J=compiled Java code, j=interpreted, Vv=VM code, C=native code)
V  [jvm.dll+0x6886e9]
V  [jvm.dll+0x841e4a]
V  [jvm.dll+0x843a8e]
V  [jvm.dll+0x8440f3]
V  [jvm.dll+0x24c14f]
V  [jvm.dll+0x685499]
V  [jvm.dll+0x679c2a]
V  [jvm.dll+0x30cf9b]
V  [jvm.dll+0x314446]
V  [jvm.dll+0x36425e]
V  [jvm.dll+0x36448f]
V  [jvm.dll+0x2e2d68]
V  [jvm.dll+0x2e0f44]
V  [jvm.dll+0x2e054c]
V  [jvm.dll+0x3253fb]
V  [jvm.dll+0x8487eb]
V  [jvm.dll+0x849531]
V  [jvm.dll+0x849a4d]
V  [jvm.dll+0x849e24]
V  [jvm.dll+0x849ef0]
V  [jvm.dll+0x7f06aa]
V  [jvm.dll+0x687565]
C  [ucrtbase.dll+0x21bb2]
C  [KERNEL32.DLL+0x17344]
C  [ntdll.dll+0x526b1]

VM_Operation (0x0000007f90dfcdf0): G1CollectForAllocation, mode: safepoint, requested by thread 0x000001a1613ee1b0


---------------  P R O C E S S  ---------------

Threads class SMR info:
_java_thread_list=0x000001a100f99260, length=12, elements={
0x000001a1613ee1b0, 0x000001a1795b2db0, 0x000001a1795b3c30, 0x000001a17961e5b0,
0x000001a179600100, 0x000001a179602bd0, 0x000001a1796039a0, 0x000001a179604690,
0x000001a179605dd0, 0x000001a179886bd0, 0x000001a1799dc980, 0x000001a1799e16d0
}

Java Threads: ( => current thread )
  0x000001a1613ee1b0 JavaThread "main" [_thread_blocked, id=16380, stack(0x0000007f90d00000,0x0000007f90e00000)]
  0x000001a1795b2db0 JavaThread "Reference Handler" daemon [_thread_blocked, id=16128, stack(0x0000007f91400000,0x0000007f91500000)]
  0x000001a1795b3c30 JavaThread "Finalizer" daemon [_thread_blocked, id=11544, stack(0x0000007f91500000,0x0000007f91600000)]
  0x000001a17961e5b0 JavaThread "Signal Dispatcher" daemon [_thread_blocked, id=14760, stack(0x0000007f91600000,0x0000007f91700000)]
  0x000001a179600100 JavaThread "Attach Listener" daemon [_thread_blocked, id=10316, stack(0x0000007f91700000,0x0000007f91800000)]
  0x000001a179602bd0 JavaThread "Service Thread" daemon [_thread_blocked, id=7784, stack(0x0000007f91800000,0x0000007f91900000)]
  0x000001a1796039a0 JavaThread "Monitor Deflation Thread" daemon [_thread_blocked, id=13848, stack(0x0000007f91900000,0x0000007f91a00000)]
  0x000001a179604690 JavaThread "C2 CompilerThread0" daemon [_thread_blocked, id=13748, stack(0x0000007f91a00000,0x0000007f91b00000)]
  0x000001a179605dd0 JavaThread "C1 CompilerThread0" daemon [_thread_blocked, id=14480, stack(0x0000007f91b00000,0x0000007f91c00000)]
  0x000001a179886bd0 JavaThread "Sweeper thread" daemon [_thread_blocked, id=1192, stack(0x0000007f91c00000,0x0000007f91d00000)]
  0x000001a1799dc980 JavaThread "Notification Thread" daemon [_thread_blocked, id=9792, stack(0x0000007f91d00000,0x0000007f91e00000)]
  0x000001a1799e16d0 JavaThread "Common-Cleaner" daemon [_thread_blocked, id=14324, stack(0x0000007f91f00000,0x0000007f92000000)]

Other Threads:
=>0x000001a1795d8cd0 VMThread "VM Thread" [stack: 0x0000007f91300000,0x0000007f91400000] [id=2664]
  0x000001a1799dd270 WatcherThread [stack: 0x0000007f91e00000,0x0000007f91f00000] [id=2976]
  0x000001a161439e40 GCTaskThread "GC Thread#0" [stack: 0x0000007f90e00000,0x0000007f90f00000] [id=1424]
  0x000001a17e1b33a0 GCTaskThread "GC Thread#1" [stack: 0x0000007f92000000,0x0000007f92100000] [id=8120]
  0x000001a17e1cc840 GCTaskThread "GC Thread#2" [stack: 0x0000007f92100000,0x0000007f92200000] [id=14748]
  0x000001a17e1ccb00 GCTaskThread "GC Thread#3" [stack: 0x0000007f92200000,0x0000007f92300000] [id=11204]
  0x000001a1614469d0 ConcurrentGCThread "G1 Main Marker" [stack: 0x0000007f90f00000,0x0000007f91000000] [id=14120]
  0x000001a161447b90 ConcurrentGCThread "G1 Conc#0" [stack: 0x0000007f91000000,0x0000007f91100000] [id=3400]
  0x000001a1614ab060 ConcurrentGCThread "G1 Refine#0" [stack: 0x0000007f91100000,0x0000007f91200000] [id=11280]
  0x000001a1002baa50 ConcurrentGCThread "G1 Refine#1" [stack: 0x0000007f92400000,0x0000007f92500000] [id=5160]
  0x000001a100c14ba0 ConcurrentGCThread "G1 Refine#2" [stack: 0x0000007f92500000,0x0000007f92600000] [id=10368]
  0x000001a1614aba90 ConcurrentGCThread "G1 Service" [stack: 0x0000007f91200000,0x0000007f91300000] [id=11364]

Threads with active compile tasks:
C2 CompilerThread0    22976 11668       4       org.jetbrains.kotlin.load.java.typeEnhancement.TypeEnhancementUtilsKt::hasEnhancedNullability (29 bytes)
C1 CompilerThread0    22977 11828       3       java.util.IdentityHashMap::put (137 bytes)

VM state: at safepoint (normal execution)

VM Mutex/Monitor currently owned by a thread:  ([mutex/lock_event])
[0x000001a1613ea720] Threads_lock - owner thread: 0x000001a1795d8cd0
[0x000001a1613eaf90] Heap_lock - owner thread: 0x000001a1613ee1b0

Heap address: 0x00000000a1e00000, size: 1506 MB, Compressed Oops mode: 32-bit

CDS archive(s) not mapped
Compressed class space mapped at: 0x0000000100000000-0x0000000140000000, reserved size: 1073741824
Narrow klass base: 0x0000000000000000, Narrow klass shift: 3, Narrow klass range: 0x140000000

GC Precious Log:
 CPUs: 4 total, 4 available
 Memory: 6019M
 Large Page Support: Disabled
 NUMA Support: Disabled
 Compressed Oops: Enabled (32-bit)
 Heap Region Size: 1M
 Heap Min Capacity: 8M
 Heap Initial Capacity: 96M
 Heap Max Capacity: 1506M
 Pre-touch: Disabled
 Parallel Workers: 4
 Concurrent Workers: 1
 Concurrent Refinement Workers: 4
 Periodic GC: Disabled

Heap:
 garbage-first heap   total 128000K, used 69281K [0x00000000a1e00000, 0x0000000100000000)
  region size 1024K, 1 young (1024K), 1 survivors (1024K)
 Metaspace       used 84957K, committed 85248K, reserved 1179648K
  class space    used 9607K, committed 9728K, reserved 1048576K

Heap Regions: E=young(eden), S=young(survivor), O=old, HS=humongous(starts), HC=humongous(continues), CS=collection set, F=free, OA=open archive, CA=closed archive, TAMS=top-at-mark-start (previous, next)
|   0|0x00000000a1e00000, 0x00000000a1f00000, 0x00000000a1f00000|100%|HS|  |TAMS 0x00000000a1f00000, 0x00000000a1e00000| Complete 
|   1|0x00000000a1f00000, 0x00000000a2000000, 0x00000000a2000000|100%|HC|  |TAMS 0x00000000a2000000, 0x00000000a1f00000| Complete 
|   2|0x00000000a2000000, 0x00000000a2100000, 0x00000000a2100000|100%|HC|  |TAMS 0x00000000a2100000, 0x00000000a2000000| Complete 
|   3|0x00000000a2100000, 0x00000000a2200000, 0x00000000a2200000|100%|HC|  |TAMS 0x00000000a2200000, 0x00000000a2100000| Complete 
|   4|0x00000000a2200000, 0x00000000a2300000, 0x00000000a2300000|100%| O|  |TAMS 0x00000000a2300000, 0x00000000a2200000| Untracked 
|   5|0x00000000a2300000, 0x00000000a2400000, 0x00000000a2400000|100%| O|  |TAMS 0x00000000a2400000, 0x00000000a2300000| Untracked 
|   6|0x00000000a2400000, 0x00000000a242d400, 0x00000000a2500000| 17%| O|  |TAMS 0x00000000a242d400, 0x00000000a2400000| Untracked 
|   7|0x00000000a2500000, 0x00000000a2600000, 0x00000000a2600000|100%|HS|  |TAMS 0x00000000a2600000, 0x00000000a2500000| Complete 
|   8|0x00000000a2600000, 0x00000000a2700000, 0x00000000a2700000|100%|HC|  |TAMS 0x00000000a2700000, 0x00000000a2600000| Complete 
|   9|0x00000000a2700000, 0x00000000a2800000, 0x00000000a2800000|100%|HC|  |TAMS 0x00000000a2800000, 0x00000000a2700000| Complete 
|  10|0x00000000a2800000, 0x00000000a2900000, 0x00000000a2900000|100%|HC|  |TAMS 0x00000000a2900000, 0x00000000a2800000| Complete 
|  11|0x00000000a2900000, 0x00000000a2a00000, 0x00000000a2a00000|100%| O|  |TAMS 0x00000000a2a00000, 0x00000000a2900000| Untracked 
|  12|0x00000000a2a00000, 0x00000000a2b00000, 0x00000000a2b00000|100%| O|  |TAMS 0x00000000a2b00000, 0x00000000a2a00000| Untracked 
|  13|0x00000000a2b00000, 0x00000000a2c00000, 0x00000000a2c00000|100%| O|  |TAMS 0x00000000a2c00000, 0x00000000a2b00000| Untracked 
|  14|0x00000000a2c00000, 0x00000000a2d00000, 0x00000000a2d00000|100%| O|  |TAMS 0x00000000a2d00000, 0x00000000a2c00000| Untracked 
|  15|0x00000000a2d00000, 0x00000000a2e00000, 0x00000000a2e00000|100%| O|  |TAMS 0x00000000a2e00000, 0x00000000a2d00000| Untracked 
|  16|0x00000000a2e00000, 0x00000000a2f00000, 0x00000000a2f00000|100%| O|  |TAMS 0x00000000a2f00000, 0x00000000a2e00000| Untracked 
|  17|0x00000000a2f00000, 0x00000000a3000000, 0x00000000a3000000|100%| O|  |TAMS 0x00000000a3000000, 0x00000000a2f00000| Untracked 
|  18|0x00000000a3000000, 0x00000000a3100000, 0x00000000a3100000|100%| O|  |TAMS 0x00000000a3100000, 0x00000000a3000000| Untracked 
|  19|0x00000000a3100000, 0x00000000a3200000, 0x00000000a3200000|100%| O|  |TAMS 0x00000000a3200000, 0x00000000a3100000| Untracked 
|  20|0x00000000a3200000, 0x00000000a3300000, 0x00000000a3300000|100%| O|  |TAMS 0x00000000a3300000, 0x00000000a3200000| Untracked 
|  21|0x00000000a3300000, 0x00000000a3400000, 0x00000000a3400000|100%| O|  |TAMS 0x00000000a3400000, 0x00000000a3300000| Untracked 
|  22|0x00000000a3400000, 0x00000000a3500000, 0x00000000a3500000|100%| O|  |TAMS 0x00000000a3500000, 0x00000000a3400000| Untracked 
|  23|0x00000000a3500000, 0x00000000a3600000, 0x00000000a3600000|100%| O|  |TAMS 0x00000000a3600000, 0x00000000a3500000| Untracked 
|  24|0x00000000a3600000, 0x00000000a3700000, 0x00000000a3700000|100%| O|  |TAMS 0x00000000a3700000, 0x00000000a3600000| Untracked 
|  25|0x00000000a3700000, 0x00000000a3800000, 0x00000000a3800000|100%| O|  |TAMS 0x00000000a3800000, 0x00000000a3700000| Untracked 
|  26|0x00000000a3800000, 0x00000000a3900000, 0x00000000a3900000|100%| O|  |TAMS 0x00000000a3900000, 0x00000000a3800000| Untracked 
|  27|0x00000000a3900000, 0x00000000a3a00000, 0x00000000a3a00000|100%| O|  |TAMS 0x00000000a3a00000, 0x00000000a3900000| Untracked 
|  28|0x00000000a3a00000, 0x00000000a3b00000, 0x00000000a3b00000|100%| O|  |TAMS 0x00000000a3b00000, 0x00000000a3a00000| Untracked 
|  29|0x00000000a3b00000, 0x00000000a3c00000, 0x00000000a3c00000|100%|HS|  |TAMS 0x00000000a3c00000, 0x00000000a3b00000| Complete 
|  30|0x00000000a3c00000, 0x00000000a3d00000, 0x00000000a3d00000|100%|HC|  |TAMS 0x00000000a3d00000, 0x00000000a3c00000| Complete 
|  31|0x00000000a3d00000, 0x00000000a3e00000, 0x00000000a3e00000|100%| O|  |TAMS 0x00000000a3e00000, 0x00000000a3d00000| Untracked 
|  32|0x00000000a3e00000, 0x00000000a3f00000, 0x00000000a3f00000|100%| O|  |TAMS 0x00000000a3f00000, 0x00000000a3e00000| Untracked 
|  33|0x00000000a3f00000, 0x00000000a4000000, 0x00000000a4000000|100%| O|  |TAMS 0x00000000a4000000, 0x00000000a3f00000| Untracked 
|  34|0x00000000a4000000, 0x00000000a4100000, 0x00000000a4100000|100%| O|  |TAMS 0x00000000a4100000, 0x00000000a4000000| Untracked 
|  35|0x00000000a4100000, 0x00000000a4200000, 0x00000000a4200000|100%| O|  |TAMS 0x00000000a4100000, 0x00000000a4100000| Untracked 
|  36|0x00000000a4200000, 0x00000000a4300000, 0x00000000a4300000|100%| O|  |TAMS 0x00000000a4300000, 0x00000000a4200000| Untracked 
|  37|0x00000000a4300000, 0x00000000a4400000, 0x00000000a4400000|100%| O|  |TAMS 0x00000000a4400000, 0x00000000a4300000| Untracked 
|  38|0x00000000a4400000, 0x00000000a4500000, 0x00000000a4500000|100%| O|  |TAMS 0x00000000a4500000, 0x00000000a4400000| Untracked 
|  39|0x00000000a4500000, 0x00000000a4600000, 0x00000000a4600000|100%| O|  |TAMS 0x00000000a4600000, 0x00000000a4500000| Untracked 
|  40|0x00000000a4600000, 0x00000000a4700000, 0x00000000a4700000|100%| O|  |TAMS 0x00000000a4700000, 0x00000000a4600000| Untracked 
|  41|0x00000000a4700000, 0x00000000a4800000, 0x00000000a4800000|100%| O|  |TAMS 0x00000000a4800000, 0x00000000a4700000| Untracked 
|  42|0x00000000a4800000, 0x00000000a4900000, 0x00000000a4900000|100%| O|  |TAMS 0x00000000a4900000, 0x00000000a4800000| Untracked 
|  43|0x00000000a4900000, 0x00000000a4a00000, 0x00000000a4a00000|100%| O|  |TAMS 0x00000000a4a00000, 0x00000000a4900000| Untracked 
|  44|0x00000000a4a00000, 0x00000000a4b00000, 0x00000000a4b00000|100%| O|  |TAMS 0x00000000a4b00000, 0x00000000a4a00000| Untracked 
|  45|0x00000000a4b00000, 0x00000000a4c00000, 0x00000000a4c00000|100%| O|  |TAMS 0x00000000a4c00000, 0x00000000a4b00000| Untracked 
|  46|0x00000000a4c00000, 0x00000000a4d00000, 0x00000000a4d00000|100%| O|  |TAMS 0x00000000a4d00000, 0x00000000a4c00000| Untracked 
|  47|0x00000000a4d00000, 0x00000000a4e00000, 0x00000000a4e00000|100%| O|  |TAMS 0x00000000a4e00000, 0x00000000a4d00000| Untracked 
|  48|0x00000000a4e00000, 0x00000000a4f00000, 0x00000000a4f00000|100%| O|  |TAMS 0x00000000a4f00000, 0x00000000a4e00000| Untracked 
|  49|0x00000000a4f00000, 0x00000000a5000000, 0x00000000a5000000|100%| O|  |TAMS 0x00000000a5000000, 0x00000000a4f00000| Untracked 
|  50|0x00000000a5000000, 0x00000000a5100000, 0x00000000a5100000|100%| O|  |TAMS 0x00000000a5100000, 0x00000000a5000000| Untracked 
|  51|0x00000000a5100000, 0x00000000a5200000, 0x00000000a5200000|100%| O|  |TAMS 0x00000000a5200000, 0x00000000a5100000| Untracked 
|  52|0x00000000a5200000, 0x00000000a5300000, 0x00000000a5300000|100%| O|  |TAMS 0x00000000a5300000, 0x00000000a5200000| Untracked 
|  53|0x00000000a5300000, 0x00000000a5400000, 0x00000000a5400000|100%| O|  |TAMS 0x00000000a5400000, 0x00000000a5300000| Untracked 
|  54|0x00000000a5400000, 0x00000000a5500000, 0x00000000a5500000|100%| O|  |TAMS 0x00000000a5500000, 0x00000000a5400000| Untracked 
|  55|0x00000000a5500000, 0x00000000a5600000, 0x00000000a5600000|100%| O|  |TAMS 0x00000000a5600000, 0x00000000a5500000| Untracked 
|  56|0x00000000a5600000, 0x00000000a5700000, 0x00000000a5700000|100%| O|  |TAMS 0x00000000a5700000, 0x00000000a5600000| Untracked 
|  57|0x00000000a5700000, 0x00000000a5700000, 0x00000000a5800000|  0%| F|  |TAMS 0x00000000a5700000, 0x00000000a5700000| Untracked 
|  58|0x00000000a5800000, 0x00000000a5900000, 0x00000000a5900000|100%| O|  |TAMS 0x00000000a5900000, 0x00000000a5800000| Untracked 
|  59|0x00000000a5900000, 0x00000000a5a00000, 0x00000000a5a00000|100%| O|  |TAMS 0x00000000a5a00000, 0x00000000a5900000| Untracked 
|  60|0x00000000a5a00000, 0x00000000a5b00000, 0x00000000a5b00000|100%| O|  |TAMS 0x00000000a5b00000, 0x00000000a5a00000| Untracked 
|  61|0x00000000a5b00000, 0x00000000a5c00000, 0x00000000a5c00000|100%| O|  |TAMS 0x00000000a5c00000, 0x00000000a5b00000| Untracked 
|  62|0x00000000a5c00000, 0x00000000a5d00000, 0x00000000a5d00000|100%| O|  |TAMS 0x00000000a5d00000, 0x00000000a5c00000| Untracked 
|  63|0x00000000a5d00000, 0x00000000a5e00000, 0x00000000a5e00000|100%| O|  |TAMS 0x00000000a5e00000, 0x00000000a5d00000| Untracked 
|  64|0x00000000a5e00000, 0x00000000a5f00000, 0x00000000a5f00000|100%| O|  |TAMS 0x00000000a5f00000, 0x00000000a5e00000| Untracked 
|  65|0x00000000a5f00000, 0x00000000a6000000, 0x00000000a6000000|100%| O|  |TAMS 0x00000000a6000000, 0x00000000a5f00000| Untracked 
|  66|0x00000000a6000000, 0x00000000a6100000, 0x00000000a6100000|100%| O|  |TAMS 0x00000000a6000000, 0x00000000a6000000| Untracked 
|  67|0x00000000a6100000, 0x00000000a6200000, 0x00000000a6200000|100%| O|  |TAMS 0x00000000a6100000, 0x00000000a6100000| Untracked 
|  68|0x00000000a6200000, 0x00000000a62e7200, 0x00000000a6300000| 90%| O|  |TAMS 0x00000000a6200000, 0x00000000a6200000| Untracked 
|  69|0x00000000a6300000, 0x00000000a6300000, 0x00000000a6400000|  0%| F|  |TAMS 0x00000000a6300000, 0x00000000a6300000| Untracked 
|  70|0x00000000a6400000, 0x00000000a6400000, 0x00000000a6500000|  0%| F|  |TAMS 0x00000000a6400000, 0x00000000a6400000| Untracked 
|  71|0x00000000a6500000, 0x00000000a6500000, 0x00000000a6600000|  0%| F|  |TAMS 0x00000000a6500000, 0x00000000a6500000| Untracked 
|  72|0x00000000a6600000, 0x00000000a6600000, 0x00000000a6700000|  0%| F|  |TAMS 0x00000000a6600000, 0x00000000a6600000| Untracked 
|  73|0x00000000a6700000, 0x00000000a6700000, 0x00000000a6800000|  0%| F|  |TAMS 0x00000000a6700000, 0x00000000a6700000| Untracked 
|  74|0x00000000a6800000, 0x00000000a6800000, 0x00000000a6900000|  0%| F|  |TAMS 0x00000000a6800000, 0x00000000a6800000| Untracked 
|  75|0x00000000a6900000, 0x00000000a6900000, 0x00000000a6a00000|  0%| F|  |TAMS 0x00000000a6900000, 0x00000000a6900000| Untracked 
|  76|0x00000000a6a00000, 0x00000000a6a00000, 0x00000000a6b00000|  0%| F|  |TAMS 0x00000000a6a00000, 0x00000000a6a00000| Untracked 
|  77|0x00000000a6b00000, 0x00000000a6b00000, 0x00000000a6c00000|  0%| F|  |TAMS 0x00000000a6b00000, 0x00000000a6b00000| Untracked 
|  78|0x00000000a6c00000, 0x00000000a6c00000, 0x00000000a6d00000|  0%| F|  |TAMS 0x00000000a6c00000, 0x00000000a6c00000| Untracked 
|  79|0x00000000a6d00000, 0x00000000a6d00000, 0x00000000a6e00000|  0%| F|  |TAMS 0x00000000a6d00000, 0x00000000a6d00000| Untracked 
|  80|0x00000000a6e00000, 0x00000000a6e00000, 0x00000000a6f00000|  0%| F|  |TAMS 0x00000000a6e00000, 0x00000000a6e00000| Untracked 
|  81|0x00000000a6f00000, 0x00000000a6f00000, 0x00000000a7000000|  0%| F|  |TAMS 0x00000000a6f00000, 0x00000000a6f00000| Untracked 
|  82|0x00000000a7000000, 0x00000000a7000000, 0x00000000a7100000|  0%| F|  |TAMS 0x00000000a7000000, 0x00000000a7000000| Untracked 
|  83|0x00000000a7100000, 0x00000000a7100000, 0x00000000a7200000|  0%| F|  |TAMS 0x00000000a7100000, 0x00000000a7100000| Untracked 
|  84|0x00000000a7200000, 0x00000000a7200000, 0x00000000a7300000|  0%| F|  |TAMS 0x00000000a7200000, 0x00000000a7200000| Untracked 
|  85|0x00000000a7300000, 0x00000000a7300000, 0x00000000a7400000|  0%| F|  |TAMS 0x00000000a7300000, 0x00000000a7300000| Untracked 
|  86|0x00000000a7400000, 0x00000000a7400000, 0x00000000a7500000|  0%| F|  |TAMS 0x00000000a7400000, 0x00000000a7400000| Untracked 
|  87|0x00000000a7500000, 0x00000000a7500000, 0x00000000a7600000|  0%| F|  |TAMS 0x00000000a7500000, 0x00000000a7500000| Untracked 
|  88|0x00000000a7600000, 0x00000000a7600000, 0x00000000a7700000|  0%| F|  |TAMS 0x00000000a7600000, 0x00000000a7600000| Untracked 
|  89|0x00000000a7700000, 0x00000000a7700000, 0x00000000a7800000|  0%| F|  |TAMS 0x00000000a7700000, 0x00000000a7700000| Untracked 
|  90|0x00000000a7800000, 0x00000000a7800000, 0x00000000a7900000|  0%| F|  |TAMS 0x00000000a7800000, 0x00000000a7800000| Untracked 
|  91|0x00000000a7900000, 0x00000000a7900000, 0x00000000a7a00000|  0%| F|  |TAMS 0x00000000a7900000, 0x00000000a7900000| Untracked 
|  92|0x00000000a7a00000, 0x00000000a7a00000, 0x00000000a7b00000|  0%| F|  |TAMS 0x00000000a7a00000, 0x00000000a7a00000| Untracked 
|  93|0x00000000a7b00000, 0x00000000a7b00000, 0x00000000a7c00000|  0%| F|  |TAMS 0x00000000a7b00000, 0x00000000a7b00000| Untracked 
|  94|0x00000000a7c00000, 0x00000000a7c00000, 0x00000000a7d00000|  0%| F|  |TAMS 0x00000000a7c00000, 0x00000000a7c00000| Untracked 
|  95|0x00000000a7d00000, 0x00000000a7d00000, 0x00000000a7e00000|  0%| F|  |TAMS 0x00000000a7d00000, 0x00000000a7d00000| Untracked 
|  96|0x00000000a7e00000, 0x00000000a7e00000, 0x00000000a7f00000|  0%| F|  |TAMS 0x00000000a7e00000, 0x00000000a7e00000| Untracked 
|  97|0x00000000a7f00000, 0x00000000a7f00000, 0x00000000a8000000|  0%| F|  |TAMS 0x00000000a7f00000, 0x00000000a7f00000| Untracked 
|  98|0x00000000a8000000, 0x00000000a8000000, 0x00000000a8100000|  0%| F|  |TAMS 0x00000000a8000000, 0x00000000a8000000| Untracked 
|  99|0x00000000a8100000, 0x00000000a8100000, 0x00000000a8200000|  0%| F|  |TAMS 0x00000000a8100000, 0x00000000a8100000| Untracked 
| 100|0x00000000a8200000, 0x00000000a8200000, 0x00000000a8300000|  0%| F|  |TAMS 0x00000000a8200000, 0x00000000a8200000| Untracked 
| 101|0x00000000a8300000, 0x00000000a8300000, 0x00000000a8400000|  0%| F|  |TAMS 0x00000000a8300000, 0x00000000a8300000| Untracked 
| 102|0x00000000a8400000, 0x00000000a8400000, 0x00000000a8500000|  0%| F|  |TAMS 0x00000000a8400000, 0x00000000a8400000| Untracked 
| 103|0x00000000a8500000, 0x00000000a8500000, 0x00000000a8600000|  0%| F|  |TAMS 0x00000000a8500000, 0x00000000a8500000| Untracked 
| 104|0x00000000a8600000, 0x00000000a8600000, 0x00000000a8700000|  0%| F|  |TAMS 0x00000000a8600000, 0x00000000a8600000| Untracked 
| 105|0x00000000a8700000, 0x00000000a8700000, 0x00000000a8800000|  0%| F|  |TAMS 0x00000000a8700000, 0x00000000a8700000| Untracked 
| 106|0x00000000a8800000, 0x00000000a8800000, 0x00000000a8900000|  0%| F|  |TAMS 0x00000000a8800000, 0x00000000a8800000| Untracked 
| 107|0x00000000a8900000, 0x00000000a8900000, 0x00000000a8a00000|  0%| F|  |TAMS 0x00000000a8900000, 0x00000000a8900000| Untracked 
| 108|0x00000000a8a00000, 0x00000000a8a00000, 0x00000000a8b00000|  0%| F|  |TAMS 0x00000000a8a00000, 0x00000000a8a00000| Untracked 
| 109|0x00000000a8b00000, 0x00000000a8b00000, 0x00000000a8c00000|  0%| F|  |TAMS 0x00000000a8b00000, 0x00000000a8b00000| Untracked 
| 110|0x00000000a8c00000, 0x00000000a8c00000, 0x00000000a8d00000|  0%| F|  |TAMS 0x00000000a8c00000, 0x00000000a8c00000| Untracked 
| 111|0x00000000a8d00000, 0x00000000a8d00000, 0x00000000a8e00000|  0%| F|  |TAMS 0x00000000a8d00000, 0x00000000a8d00000| Untracked 
| 112|0x00000000a8e00000, 0x00000000a8e00000, 0x00000000a8f00000|  0%| F|  |TAMS 0x00000000a8e00000, 0x00000000a8e00000| Untracked 
| 113|0x00000000a8f00000, 0x00000000a8f00000, 0x00000000a9000000|  0%| F|  |TAMS 0x00000000a8f00000, 0x00000000a8f00000| Untracked 
| 114|0x00000000a9000000, 0x00000000a9000000, 0x00000000a9100000|  0%| F|  |TAMS 0x00000000a9000000, 0x00000000a9000000| Untracked 
| 115|0x00000000a9100000, 0x00000000a9100000, 0x00000000a9200000|  0%| F|  |TAMS 0x00000000a9100000, 0x00000000a9100000| Untracked 
| 116|0x00000000a9200000, 0x00000000a9200000, 0x00000000a9300000|  0%| F|  |TAMS 0x00000000a9200000, 0x00000000a9200000| Untracked 
| 117|0x00000000a9300000, 0x00000000a9300000, 0x00000000a9400000|  0%| F|  |TAMS 0x00000000a9300000, 0x00000000a9300000| Untracked 
| 118|0x00000000a9400000, 0x00000000a9400000, 0x00000000a9500000|  0%| F|  |TAMS 0x00000000a9400000, 0x00000000a9400000| Untracked 
| 119|0x00000000a9500000, 0x00000000a9500000, 0x00000000a9600000|  0%| F|  |TAMS 0x00000000a9500000, 0x00000000a9500000| Untracked 
| 120|0x00000000a9600000, 0x00000000a9600000, 0x00000000a9700000|  0%| F|  |TAMS 0x00000000a9600000, 0x00000000a9600000| Untracked 
| 121|0x00000000a9700000, 0x00000000a9700000, 0x00000000a9800000|  0%| F|  |TAMS 0x00000000a9700000, 0x00000000a9700000| Untracked 
| 122|0x00000000a9800000, 0x00000000a9893ea0, 0x00000000a9900000| 57%| S|CS|TAMS 0x00000000a9800000, 0x00000000a9800000| Complete 
| 123|0x00000000a9900000, 0x00000000a9900000, 0x00000000a9a00000|  0%| F|  |TAMS 0x00000000a9900000, 0x00000000a9900000| Untracked 
| 124|0x00000000a9a00000, 0x00000000a9a00000, 0x00000000a9b00000|  0%| F|  |TAMS 0x00000000a9a00000, 0x00000000a9a00000| Untracked 

Card table byte_map: [0x000001a173bd0000,0x000001a173ed0000] _byte_map_base: 0x000001a1736c1000

Marking Bits (Prev, Next): (CMBitMap*) 0x000001a16143a4a0, (CMBitMap*) 0x000001a16143a460
 Prev Bits: [0x000001a175960000, 0x000001a1770e8000)
 Next Bits: [0x000001a1741d0000, 0x000001a175958000)

Polling page: 0x000001a15f220000

Metaspace:

Usage:
  Non-class:     73.58 MB used.
      Class:      9.38 MB used.
       Both:     82.97 MB used.

Virtual space:
  Non-class space:      128.00 MB reserved,      73.75 MB ( 58%) committed,  2 nodes.
      Class space:        1.00 GB reserved,       9.50 MB ( <1%) committed,  1 nodes.
             Both:        1.12 GB reserved,      83.25 MB (  7%) committed. 

Chunk freelists:
   Non-Class:  6.19 MB
       Class:  6.44 MB
        Both:  12.62 MB

MaxMetaspaceSize: unlimited
CompressedClassSpaceSize: 1.00 GB
Initial GC threshold: 21.00 MB
Current GC threshold: 134.38 MB
CDS: off
MetaspaceReclaimPolicy: balanced
 - commit_granule_bytes: 65536.
 - commit_granule_words: 8192.
 - virtual_space_node_default_size: 8388608.
 - enlarge_chunks_in_place: 1.
 - new_chunks_are_fully_committed: 0.
 - uncommit_free_chunks: 1.
 - use_allocation_guard: 0.
 - handle_deallocations: 1.


Internal statistics:

num_allocs_failed_limit: 3.
num_arena_births: 332.
num_arena_deaths: 0.
num_vsnodes_births: 3.
num_vsnodes_deaths: 0.
num_space_committed: 1330.
num_space_uncommitted: 0.
num_chunks_returned_to_freelist: 3.
num_chunks_taken_from_freelist: 2952.
num_chunk_merges: 3.
num_chunk_splits: 2459.
num_chunks_enlarged: 2229.
num_inconsistent_stats: 0.

CodeHeap 'non-profiled nmethods': size=120000Kb used=4691Kb max_used=4691Kb free=115308Kb
 bounds [0x000001a16c3a0000, 0x000001a16c840000, 0x000001a1738d0000]
CodeHeap 'profiled nmethods': size=120000Kb used=28172Kb max_used=28172Kb free=91827Kb
 bounds [0x000001a1648d0000, 0x000001a166460000, 0x000001a16be00000]
CodeHeap 'non-nmethods': size=5760Kb used=1410Kb max_used=1485Kb free=4349Kb
 bounds [0x000001a16be00000, 0x000001a16c070000, 0x000001a16c3a0000]
 total_blobs=11013 nmethods=10270 adapters=652
 compilation: enabled
              stopped_count=0, restarted_count=0
 full_count=0

Compilation events (20 events):
Event: 22.875 Thread 0x000001a179605dd0 nmethod 11820 0x000001a166452510 code [0x000001a1664526c0, 0x000001a1664528f8]
Event: 22.875 Thread 0x000001a179605dd0 11821       3       org.jetbrains.org.objectweb.asm.tree.analysis.Frame::pop (39 bytes)
Event: 22.875 Thread 0x000001a179605dd0 nmethod 11821 0x000001a166452a10 code [0x000001a166452bc0, 0x000001a166452e08]
Event: 22.878 Thread 0x000001a179604690 nmethod 11663 0x000001a16c833a90 code [0x000001a16c833c20, 0x000001a16c834298]
Event: 22.878 Thread 0x000001a179604690 11636       4       kotlin.sequences.SequencesKt___SequencesKt$flatMap$2::invoke (9 bytes)
Event: 22.882 Thread 0x000001a179604690 nmethod 11636 0x000001a16c834490 code [0x000001a16c834620, 0x000001a16c8347f8]
Event: 22.882 Thread 0x000001a179604690 11668       4       org.jetbrains.kotlin.load.java.typeEnhancement.TypeEnhancementUtilsKt::hasEnhancedNullability (29 bytes)
Event: 22.884 Thread 0x000001a179605dd0 11822       3       org.jetbrains.org.objectweb.asm.tree.MethodInsnNode::<init> (28 bytes)
Event: 22.884 Thread 0x000001a179605dd0 nmethod 11822 0x000001a166452f90 code [0x000001a166453140, 0x000001a166453438]
Event: 22.890 Thread 0x000001a179605dd0 11823       3       org.jetbrains.org.objectweb.asm.tree.MethodNode::visitMethodInsn (59 bytes)
Event: 22.891 Thread 0x000001a179605dd0 nmethod 11823 0x000001a166453590 code [0x000001a166453780, 0x000001a166453c98]
Event: 22.891 Thread 0x000001a179605dd0 11824       3       org.jetbrains.org.objectweb.asm.tree.LineNumberNode::accept (16 bytes)
Event: 22.891 Thread 0x000001a179605dd0 nmethod 11824 0x000001a166453e90 code [0x000001a166454060, 0x000001a166454468]
Event: 22.891 Thread 0x000001a179605dd0 11825       3       org.jetbrains.org.objectweb.asm.tree.FieldInsnNode::accept (26 bytes)
Event: 22.892 Thread 0x000001a179605dd0 nmethod 11825 0x000001a166454610 code [0x000001a1664547c0, 0x000001a1664549f8]
Event: 22.893 Thread 0x000001a179605dd0 11826       1       org.jetbrains.kotlin.backend.jvm.codegen.ExpressionCodegen::getMv (5 bytes)
Event: 22.893 Thread 0x000001a179605dd0 nmethod 11826 0x000001a16c834990 code [0x000001a16c834b20, 0x000001a16c834bf8]
Event: 22.893 Thread 0x000001a179605dd0 11827       3       org.jetbrains.org.objectweb.asm.tree.LineNumberNode::<init> (16 bytes)
Event: 22.894 Thread 0x000001a179605dd0 nmethod 11827 0x000001a166454b10 code [0x000001a166454cc0, 0x000001a166454ef8]
Event: 22.894 Thread 0x000001a179605dd0 11828       3       java.util.IdentityHashMap::put (137 bytes)

GC Heap History (20 events):
Event: 8.053 GC heap after
{Heap after GC invocations=26 (full 0):
 garbage-first heap   total 119808K, used 37230K [0x00000000a1e00000, 0x0000000100000000)
  region size 1024K, 2 young (2048K), 2 survivors (2048K)
 Metaspace       used 49891K, committed 50176K, reserved 1114112K
  class space    used 5999K, committed 6144K, reserved 1048576K
}
Event: 10.859 GC heap before
{Heap before GC invocations=27 (full 0):
 garbage-first heap   total 119808K, used 81262K [0x00000000a1e00000, 0x0000000100000000)
  region size 1024K, 45 young (46080K), 2 survivors (2048K)
 Metaspace       used 56005K, committed 56256K, reserved 1114112K
  class space    used 6583K, committed 6720K, reserved 1048576K
}
Event: 10.880 GC heap after
{Heap after GC invocations=28 (full 0):
 garbage-first heap   total 119808K, used 42642K [0x00000000a1e00000, 0x0000000100000000)
  region size 1024K, 6 young (6144K), 6 survivors (6144K)
 Metaspace       used 56005K, committed 56256K, reserved 1114112K
  class space    used 6583K, committed 6720K, reserved 1048576K
}
Event: 12.555 GC heap before
{Heap before GC invocations=28 (full 0):
 garbage-first heap   total 119808K, used 84626K [0x00000000a1e00000, 0x0000000100000000)
  region size 1024K, 47 young (48128K), 6 survivors (6144K)
 Metaspace       used 56784K, committed 57024K, reserved 1114112K
  class space    used 6635K, committed 6784K, reserved 1048576K
}
Event: 12.594 GC heap after
{Heap after GC invocations=29 (full 0):
 garbage-first heap   total 119808K, used 48659K [0x00000000a1e00000, 0x0000000100000000)
  region size 1024K, 6 young (6144K), 6 survivors (6144K)
 Metaspace       used 56784K, committed 57024K, reserved 1114112K
  class space    used 6635K, committed 6784K, reserved 1048576K
}
Event: 15.244 GC heap before
{Heap before GC invocations=29 (full 0):
 garbage-first heap   total 119808K, used 87571K [0x00000000a1e00000, 0x0000000100000000)
  region size 1024K, 44 young (45056K), 6 survivors (6144K)
 Metaspace       used 63828K, committed 64128K, reserved 1114112K
  class space    used 7547K, committed 7680K, reserved 1048576K
}
Event: 15.275 GC heap after
{Heap after GC invocations=30 (full 0):
 garbage-first heap   total 119808K, used 54388K [0x00000000a1e00000, 0x0000000100000000)
  region size 1024K, 6 young (6144K), 6 survivors (6144K)
 Metaspace       used 63828K, committed 64128K, reserved 1114112K
  class space    used 7547K, committed 7680K, reserved 1048576K
}
Event: 17.944 GC heap before
{Heap before GC invocations=30 (full 0):
 garbage-first heap   total 119808K, used 90228K [0x00000000a1e00000, 0x0000000100000000)
  region size 1024K, 41 young (41984K), 6 survivors (6144K)
 Metaspace       used 68318K, committed 68608K, reserved 1114112K
  class space    used 7921K, committed 8064K, reserved 1048576K
}
Event: 17.972 GC heap after
{Heap after GC invocations=31 (full 0):
 garbage-first heap   total 119808K, used 58549K [0x00000000a1e00000, 0x0000000100000000)
  region size 1024K, 4 young (4096K), 4 survivors (4096K)
 Metaspace       used 68318K, committed 68608K, reserved 1114112K
  class space    used 7921K, committed 8064K, reserved 1048576K
}
Event: 19.528 GC heap before
{Heap before GC invocations=31 (full 0):
 garbage-first heap   total 119808K, used 92341K [0x00000000a1e00000, 0x0000000100000000)
  region size 1024K, 37 young (37888K), 4 survivors (4096K)
 Metaspace       used 73568K, committed 73856K, reserved 1114112K
  class space    used 8482K, committed 8640K, reserved 1048576K
}
Event: 19.558 GC heap after
{Heap after GC invocations=32 (full 0):
 garbage-first heap   total 119808K, used 62645K [0x00000000a1e00000, 0x0000000100000000)
  region size 1024K, 4 young (4096K), 4 survivors (4096K)
 Metaspace       used 73568K, committed 73856K, reserved 1114112K
  class space    used 8482K, committed 8640K, reserved 1048576K
}
Event: 21.021 GC heap before
{Heap before GC invocations=33 (full 0):
 garbage-first heap   total 119808K, used 94389K [0x00000000a1e00000, 0x0000000100000000)
  region size 1024K, 35 young (35840K), 4 survivors (4096K)
 Metaspace       used 79600K, committed 79872K, reserved 1179648K
  class space    used 9163K, committed 9280K, reserved 1048576K
}
Event: 21.044 GC heap after
{Heap after GC invocations=34 (full 0):
 garbage-first heap   total 119808K, used 66532K [0x00000000a1e00000, 0x0000000100000000)
  region size 1024K, 4 young (4096K), 4 survivors (4096K)
 Metaspace       used 79600K, committed 79872K, reserved 1179648K
  class space    used 9163K, committed 9280K, reserved 1048576K
}
Event: 21.056 GC heap before
{Heap before GC invocations=34 (full 0):
 garbage-first heap   total 119808K, used 67556K [0x00000000a1e00000, 0x0000000100000000)
  region size 1024K, 5 young (5120K), 4 survivors (4096K)
 Metaspace       used 79608K, committed 79872K, reserved 1179648K
  class space    used 9163K, committed 9280K, reserved 1048576K
}
Event: 21.089 GC heap after
{Heap after GC invocations=35 (full 0):
 garbage-first heap   total 119808K, used 66472K [0x00000000a1e00000, 0x0000000100000000)
  region size 1024K, 1 young (1024K), 1 survivors (1024K)
 Metaspace       used 79608K, committed 79872K, reserved 1179648K
  class space    used 9163K, committed 9280K, reserved 1048576K
}
Event: 21.961 GC heap before
{Heap before GC invocations=35 (full 0):
 garbage-first heap   total 119808K, used 94120K [0x00000000a1e00000, 0x0000000100000000)
  region size 1024K, 28 young (28672K), 1 survivors (1024K)
 Metaspace       used 80921K, committed 81280K, reserved 1179648K
  class space    used 9265K, committed 9408K, reserved 1048576K
}
Event: 21.973 GC heap after
{Heap after GC invocations=36 (full 0):
 garbage-first heap   total 119808K, used 68023K [0x00000000a1e00000, 0x0000000100000000)
  region size 1024K, 3 young (3072K), 3 survivors (3072K)
 Metaspace       used 80921K, committed 81280K, reserved 1179648K
  class space    used 9265K, committed 9408K, reserved 1048576K
}
Event: 22.818 GC heap before
{Heap before GC invocations=37 (full 0):
 garbage-first heap   total 128000K, used 94647K [0x00000000a1e00000, 0x0000000100000000)
  region size 1024K, 29 young (29696K), 3 survivors (3072K)
 Metaspace       used 84319K, committed 84672K, reserved 1179648K
  class space    used 9561K, committed 9728K, reserved 1048576K
}
Event: 22.829 GC heap after
{Heap after GC invocations=38 (full 0):
 garbage-first heap   total 128000K, used 69685K [0x00000000a1e00000, 0x0000000100000000)
  region size 1024K, 4 young (4096K), 4 survivors (4096K)
 Metaspace       used 84319K, committed 84672K, reserved 1179648K
  class space    used 9561K, committed 9728K, reserved 1048576K
}
Event: 22.894 GC heap before
{Heap before GC invocations=38 (full 0):
 garbage-first heap   total 128000K, used 71733K [0x00000000a1e00000, 0x0000000100000000)
  region size 1024K, 6 young (6144K), 4 survivors (4096K)
 Metaspace       used 84957K, committed 85248K, reserved 1179648K
  class space    used 9607K, committed 9728K, reserved 1048576K
}

Dll operation events (2 events):
Event: 0.023 Loaded shared library C:\Users\1\AppData\Local\Programs\Android Studio\jbr\bin\java.dll
Event: 2.240 Loaded shared library C:\Users\1\AppData\Local\Programs\Android Studio\jbr\bin\verify.dll

Deoptimization events (20 events):
Event: 22.626 Thread 0x000001a1613ee1b0 Uncommon trap: trap_request=0xffffffc6 fr.pc=0x000001a16c81ac8c relative=0x000000000000132c
Event: 22.626 Thread 0x000001a1613ee1b0 Uncommon trap: reason=bimorphic_or_optimized_type_check action=maybe_recompile pc=0x000001a16c81ac8c method=org.jetbrains.kotlin.ir.types.IrTypePredicatesKt.hasFqNameEqualToSignature(Lorg/jetbrains/kotlin/ir/declarations/IrClass;Lorg/jetbrains/kotlin/ir/u
Event: 22.626 Thread 0x000001a1613ee1b0 DEOPT PACKING pc=0x000001a16c81ac8c sp=0x0000007f90dfc950
Event: 22.626 Thread 0x000001a1613ee1b0 DEOPT UNPACKING pc=0x000001a16be569a3 sp=0x0000007f90dfc8b0 mode 2
Event: 22.756 Thread 0x000001a1613ee1b0 Uncommon trap: trap_request=0xffffffc6 fr.pc=0x000001a16c81ac8c relative=0x000000000000132c
Event: 22.756 Thread 0x000001a1613ee1b0 Uncommon trap: reason=bimorphic_or_optimized_type_check action=maybe_recompile pc=0x000001a16c81ac8c method=org.jetbrains.kotlin.ir.types.IrTypePredicatesKt.hasFqNameEqualToSignature(Lorg/jetbrains/kotlin/ir/declarations/IrClass;Lorg/jetbrains/kotlin/ir/u
Event: 22.756 Thread 0x000001a1613ee1b0 DEOPT PACKING pc=0x000001a16c81ac8c sp=0x0000007f90dfcc20
Event: 22.756 Thread 0x000001a1613ee1b0 DEOPT UNPACKING pc=0x000001a16be569a3 sp=0x0000007f90dfcb80 mode 2
Event: 22.756 Thread 0x000001a1613ee1b0 Uncommon trap: trap_request=0xffffffc6 fr.pc=0x000001a16c81ac8c relative=0x000000000000132c
Event: 22.756 Thread 0x000001a1613ee1b0 Uncommon trap: reason=bimorphic_or_optimized_type_check action=maybe_recompile pc=0x000001a16c81ac8c method=org.jetbrains.kotlin.ir.types.IrTypePredicatesKt.hasFqNameEqualToSignature(Lorg/jetbrains/kotlin/ir/declarations/IrClass;Lorg/jetbrains/kotlin/ir/u
Event: 22.756 Thread 0x000001a1613ee1b0 DEOPT PACKING pc=0x000001a16c81ac8c sp=0x0000007f90dfc780
Event: 22.756 Thread 0x000001a1613ee1b0 DEOPT UNPACKING pc=0x000001a16be569a3 sp=0x0000007f90dfc6e0 mode 2
Event: 22.783 Thread 0x000001a1613ee1b0 Uncommon trap: trap_request=0xffffffde fr.pc=0x000001a16c5fbc20 relative=0x0000000000000260
Event: 22.783 Thread 0x000001a1613ee1b0 Uncommon trap: reason=class_check action=maybe_recompile pc=0x000001a16c5fbc20 method=org.jetbrains.kotlin.utils.ThreadLocalDelegate.getValue(Ljava/lang/Object;Lkotlin/reflect/KProperty;)Ljava/lang/Object; @ 42 c2
Event: 22.783 Thread 0x000001a1613ee1b0 DEOPT PACKING pc=0x000001a16c5fbc20 sp=0x0000007f90dfcd30
Event: 22.783 Thread 0x000001a1613ee1b0 DEOPT UNPACKING pc=0x000001a16be569a3 sp=0x0000007f90dfccd0 mode 2
Event: 22.816 Thread 0x000001a1613ee1b0 Uncommon trap: trap_request=0xffffff45 fr.pc=0x000001a16c7523f8 relative=0x0000000000000538
Event: 22.816 Thread 0x000001a1613ee1b0 Uncommon trap: reason=unstable_if action=reinterpret pc=0x000001a16c7523f8 method=java.lang.String.valueOf(Ljava/lang/Object;)Ljava/lang/String; @ 1 c2
Event: 22.816 Thread 0x000001a1613ee1b0 DEOPT PACKING pc=0x000001a16c7523f8 sp=0x0000007f90dfc970
Event: 22.816 Thread 0x000001a1613ee1b0 DEOPT UNPACKING pc=0x000001a16be569a3 sp=0x0000007f90dfc908 mode 2

Classes unloaded (0 events):
No events

Classes redefined (0 events):
No events

Internal exceptions (20 events):
Event: 13.548 Thread 0x000001a1613ee1b0 Exception <a 'java/lang/NoSuchMethodError'{0x00000000a8592d40}: 'int java.lang.invoke.DirectMethodHandle$Holder.invokeVirtual(java.lang.Object, java.lang.Object, java.lang.Object)'> (0x00000000a8592d40) 
thrown [s\src\hotspot\share\interpreter\linkResolver.cpp, line 771]
Event: 13.716 Thread 0x000001a1613ee1b0 Exception <a 'java/lang/NoSuchMethodError'{0x00000000a82f2ab8}: 'java.lang.Object java.lang.invoke.DirectMethodHandle$Holder.invokeStatic(java.lang.Object, java.lang.Object, java.lang.Object, java.lang.Object, int)'> (0x00000000a82f2ab8) 
thrown [s\src\hotspot\share\interpreter\linkResolver.cpp, line 771]
Event: 13.717 Thread 0x000001a1613ee1b0 Exception <a 'java/lang/NoSuchMethodError'{0x00000000a82fc7a0}: 'java.lang.Object java.lang.invoke.DirectMethodHandle$Holder.newInvokeSpecial(java.lang.Object, java.lang.Object, java.lang.Object, java.lang.Object, int)'> (0x00000000a82fc7a0) 
thrown [s\src\hotspot\share\interpreter\linkResolver.cpp, line 771]
Event: 13.718 Thread 0x000001a1613ee1b0 Exception <a 'java/lang/NoSuchMethodError'{0x00000000a8101898}: 'java.lang.Object java.lang.invoke.DirectMethodHandle$Holder.invokeSpecial(java.lang.Object, java.lang.Object, java.lang.Object, java.lang.Object, java.lang.Object, int)'> (0x00000000a8101898) 
thrown [s\src\hotspot\share\interpreter\linkResolver.cpp, line 771]
Event: 13.718 Thread 0x000001a1613ee1b0 Exception <a 'java/lang/NoSuchMethodError'{0x00000000a8105d78}: 'java.lang.Object java.lang.invoke.Invokers$Holder.linkToTargetMethod(java.lang.Object, java.lang.Object, java.lang.Object, int, java.lang.Object)'> (0x00000000a8105d78) 
thrown [s\src\hotspot\share\interpreter\linkResolver.cpp, line 771]
Event: 13.806 Thread 0x000001a1613ee1b0 Exception <a 'java/lang/NoSuchMethodError'{0x00000000a80af040}: 'void java.lang.invoke.DirectMethodHandle$Holder.invokeInterface(java.lang.Object, java.lang.Object)'> (0x00000000a80af040) 
thrown [s\src\hotspot\share\interpreter\linkResolver.cpp, line 771]
Event: 13.948 Thread 0x000001a1613ee1b0 Exception <a 'java/lang/IncompatibleClassChangeError'{0x00000000a7ea2a00}: Found class java.lang.Object, but interface was expected> (0x00000000a7ea2a00) 
thrown [s\src\hotspot\share\interpreter\linkResolver.cpp, line 838]
Event: 13.979 Thread 0x000001a1613ee1b0 Exception <a 'java/lang/NoSuchMethodError'{0x00000000a7ef2578}: 'java.lang.Object java.lang.invoke.DirectMethodHandle$Holder.invokeInterface(java.lang.Object, java.lang.Object, java.lang.Object)'> (0x00000000a7ef2578) 
thrown [s\src\hotspot\share\interpreter\linkResolver.cpp, line 771]
Event: 13.980 Thread 0x000001a1613ee1b0 Exception <a 'java/lang/IncompatibleClassChangeError'{0x00000000a7ef5ee8}: Found class java.lang.Object, but interface was expected> (0x00000000a7ef5ee8) 
thrown [s\src\hotspot\share\interpreter\linkResolver.cpp, line 838]
Event: 14.159 Thread 0x000001a1613ee1b0 Implicit null exception at 0x000001a16c62d3c0 to 0x000001a16c62dccc
Event: 16.109 Thread 0x000001a1613ee1b0 Exception <a 'java/lang/NoSuchMethodError'{0x00000000a8a14e10}: 'java.lang.Object java.lang.invoke.DirectMethodHandle$Holder.invokeStatic(java.lang.Object, int, java.lang.Object)'> (0x00000000a8a14e10) 
thrown [s\src\hotspot\share\interpreter\linkResolver.cpp, line 771]
Event: 16.251 Thread 0x000001a1613ee1b0 Implicit null exception at 0x000001a16c6b3a75 to 0x000001a16c6b4094
Event: 16.300 Thread 0x000001a1613ee1b0 Implicit null exception at 0x000001a16c6a10f2 to 0x000001a16c6a1708
Event: 17.117 Thread 0x000001a1613ee1b0 Exception <a 'java/lang/NoSuchMethodError'{0x00000000a81e1200}: 'java.lang.Object java.lang.invoke.DirectMethodHandle$Holder.newInvokeSpecial(java.lang.Object, int, java.lang.Object, java.lang.Object)'> (0x00000000a81e1200) 
thrown [s\src\hotspot\share\interpreter\linkResolver.cpp, line 771]
Event: 17.445 Thread 0x000001a1613ee1b0 Implicit null exception at 0x000001a16c437c6f to 0x000001a16c437e44
Event: 17.652 Thread 0x000001a1613ee1b0 Implicit null exception at 0x000001a16c6cce60 to 0x000001a16c6cd140
Event: 17.654 Thread 0x000001a1613ee1b0 Implicit null exception at 0x000001a16c63fb60 to 0x000001a16c63fe4c
Event: 18.432 Thread 0x000001a1613ee1b0 Exception <a 'java/lang/NoSuchMethodError'{0x00000000a8776908}: 'java.lang.Object java.lang.invoke.DirectMethodHandle$Holder.invokeSpecial(java.lang.Object, java.lang.Object, int, int, java.lang.Object, java.lang.Object, java.lang.Object, java.lang.Object, java.lang.Object)'> (0x00000000a8776908) 
thrown [s\src\hotspot\share\interpreter\linkResolver.cpp, line 771]
Event: 20.602 Thread 0x000001a1613ee1b0 Implicit null exception at 0x000001a16c4097ef to 0x000001a16c409a34
Event: 21.495 Thread 0x000001a1613ee1b0 Implicit null exception at 0x000001a16c62aae4 to 0x000001a16c62b05c

VM Operations (20 events):
Event: 22.068 Executing VM operation: HandshakeAllThreads done
Event: 22.071 Executing VM operation: HandshakeAllThreads
Event: 22.071 Executing VM operation: HandshakeAllThreads done
Event: 22.107 Executing VM operation: HandshakeAllThreads
Event: 22.107 Executing VM operation: HandshakeAllThreads done
Event: 22.177 Executing VM operation: G1PauseRemark
Event: 22.193 Executing VM operation: G1PauseRemark done
Event: 22.255 Executing VM operation: HandshakeAllThreads
Event: 22.255 Executing VM operation: HandshakeAllThreads done
Event: 22.273 Executing VM operation: G1PauseCleanup
Event: 22.273 Executing VM operation: G1PauseCleanup done
Event: 22.279 Executing VM operation: HandshakeAllThreads
Event: 22.279 Executing VM operation: HandshakeAllThreads done
Event: 22.657 Executing VM operation: ICBufferFull
Event: 22.657 Executing VM operation: ICBufferFull done
Event: 22.818 Executing VM operation: G1CollectForAllocation
Event: 22.829 Executing VM operation: G1CollectForAllocation done
Event: 22.844 Executing VM operation: HandshakeAllThreads
Event: 22.844 Executing VM operation: HandshakeAllThreads done
Event: 22.894 Executing VM operation: G1CollectForAllocation

Events (20 events):
Event: 18.130 Thread 0x000001a179886bd0 flushing nmethod 0x000001a165d22590
Event: 18.130 Thread 0x000001a179886bd0 flushing nmethod 0x000001a165d98f10
Event: 18.130 Thread 0x000001a179886bd0 flushing nmethod 0x000001a165dab890
Event: 18.130 Thread 0x000001a179886bd0 flushing nmethod 0x000001a165dafd10
Event: 18.130 Thread 0x000001a179886bd0 flushing nmethod 0x000001a165db0110
Event: 18.130 Thread 0x000001a179886bd0 flushing nmethod 0x000001a165db1710
Event: 18.131 Thread 0x000001a179886bd0 flushing nmethod 0x000001a165dd1590
Event: 18.131 Thread 0x000001a179886bd0 flushing nmethod 0x000001a165e4a610
Event: 18.131 Thread 0x000001a179886bd0 flushing nmethod 0x000001a165e7b790
Event: 19.468 Thread 0x000001a17e629040 Thread exited: 0x000001a17e629040
Event: 21.207 Thread 0x000001a179886bd0 flushing nmethod 0x000001a164b02690
Event: 21.209 Thread 0x000001a179886bd0 flushing nmethod 0x000001a164d1f210
Event: 21.210 Thread 0x000001a179886bd0 flushing nmethod 0x000001a164e41490
Event: 21.212 Thread 0x000001a179886bd0 flushing nmethod 0x000001a16506c290
Event: 21.213 Thread 0x000001a179886bd0 flushing nmethod 0x000001a1650ebb90
Event: 21.225 Thread 0x000001a179886bd0 flushing nmethod 0x000001a165c41010
Event: 21.226 Thread 0x000001a179886bd0 flushing nmethod 0x000001a165cb4010
Event: 21.228 Thread 0x000001a179886bd0 flushing nmethod 0x000001a165e88d90
Event: 22.250 loading class java/util/Vector$Itr
Event: 22.251 loading class java/util/Vector$Itr done


Dynamic libraries:
0x00007ff6464b0000 - 0x00007ff6464ba000 	C:\Users\1\AppData\Local\Programs\Android Studio\jbr\bin\java.exe
0x00007fffee6d0000 - 0x00007fffee8c8000 	C:\WINDOWS\SYSTEM32\ntdll.dll
0x00007fffed010000 - 0x00007fffed0cd000 	C:\WINDOWS\System32\KERNEL32.DLL
0x00007fffec0d0000 - 0x00007fffec3c6000 	C:\WINDOWS\System32\KERNELBASE.dll
0x00007fffec4a0000 - 0x00007fffec5a0000 	C:\WINDOWS\System32\ucrtbase.dll
0x00007fffda590000 - 0x00007fffda5a7000 	C:\Users\1\AppData\Local\Programs\Android Studio\jbr\bin\jli.dll
0x00007fffcf430000 - 0x00007fffcf44b000 	C:\Users\1\AppData\Local\Programs\Android Studio\jbr\bin\VCRUNTIME140.dll
0x00007fffedc70000 - 0x00007fffede0f000 	C:\WINDOWS\System32\USER32.dll
0x00007fffd8650000 - 0x00007fffd88ea000 	C:\WINDOWS\WinSxS\amd64_microsoft.windows.common-controls_6595b64144ccf1df_6.0.19041.3636_none_60b6a03d71f818d5\COMCTL32.dll
0x00007fffec990000 - 0x00007fffeca2e000 	C:\WINDOWS\System32\msvcrt.dll
0x00007fffec780000 - 0x00007fffec7ab000 	C:\WINDOWS\System32\GDI32.dll
0x00007fffec0a0000 - 0x00007fffec0c2000 	C:\WINDOWS\System32\win32u.dll
0x00007fffebe80000 - 0x00007fffebf97000 	C:\WINDOWS\System32\gdi32full.dll
0x00007fffec400000 - 0x00007fffec49d000 	C:\WINDOWS\System32\msvcp_win.dll
0x00007fffed9f0000 - 0x00007fffeda22000 	C:\WINDOWS\System32\IMM32.DLL
0x00007fffe81e0000 - 0x00007fffe81ec000 	C:\Users\1\AppData\Local\Programs\Android Studio\jbr\bin\vcruntime140_1.dll
0x00007fffc6590000 - 0x00007fffc661d000 	C:\Users\1\AppData\Local\Programs\Android Studio\jbr\bin\msvcp140.dll
0x00007fff7bb80000 - 0x00007fff7c803000 	C:\Users\1\AppData\Local\Programs\Android Studio\jbr\bin\server\jvm.dll
0x00007fffed780000 - 0x00007fffed830000 	C:\WINDOWS\System32\ADVAPI32.dll
0x00007fffec8e0000 - 0x00007fffec980000 	C:\WINDOWS\System32\sechost.dll
0x00007fffec7b0000 - 0x00007fffec8d3000 	C:\WINDOWS\System32\RPCRT4.dll
0x00007fffec3d0000 - 0x00007fffec3f7000 	C:\WINDOWS\System32\bcrypt.dll
0x00007fffce0c0000 - 0x00007fffce0c9000 	C:\WINDOWS\SYSTEM32\WSOCK32.dll
0x00007fffed290000 - 0x00007fffed2fb000 	C:\WINDOWS\System32\WS2_32.dll
0x00007fffd8410000 - 0x00007fffd8437000 	C:\WINDOWS\SYSTEM32\WINMM.dll
0x00007fffeb2c0000 - 0x00007fffeb30b000 	C:\WINDOWS\SYSTEM32\POWRPROF.dll
0x00007fffe5690000 - 0x00007fffe569a000 	C:\WINDOWS\SYSTEM32\VERSION.dll
0x00007fffeb180000 - 0x00007fffeb192000 	C:\WINDOWS\SYSTEM32\UMPDC.dll
0x00007fffe9bd0000 - 0x00007fffe9be2000 	C:\WINDOWS\SYSTEM32\kernel.appcore.dll
0x00007fffe9450000 - 0x00007fffe945a000 	C:\Users\1\AppData\Local\Programs\Android Studio\jbr\bin\jimage.dll
0x00007fffd3af0000 - 0x00007fffd3cd4000 	C:\WINDOWS\SYSTEM32\DBGHELP.DLL
0x00007fffd3ab0000 - 0x00007fffd3ae4000 	C:\WINDOWS\SYSTEM32\dbgcore.DLL
0x00007fffebfa0000 - 0x00007fffec022000 	C:\WINDOWS\System32\bcryptPrimitives.dll
0x00007fffdd550000 - 0x00007fffdd575000 	C:\Users\1\AppData\Local\Programs\Android Studio\jbr\bin\java.dll
0x00007fffe7cd0000 - 0x00007fffe7ce8000 	C:\Users\1\AppData\Local\Programs\Android Studio\jbr\bin\zip.dll
0x00007fffedf20000 - 0x00007fffee68b000 	C:\WINDOWS\System32\SHELL32.dll
0x00007fffe9dd0000 - 0x00007fffea56e000 	C:\WINDOWS\SYSTEM32\windows.storage.dll
0x00007fffecc30000 - 0x00007fffecf83000 	C:\WINDOWS\System32\combase.dll
0x00007fffeb7b0000 - 0x00007fffeb7de000 	C:\WINDOWS\SYSTEM32\Wldp.dll
0x00007fffed920000 - 0x00007fffed9ed000 	C:\WINDOWS\System32\OLEAUT32.dll
0x00007fffede10000 - 0x00007fffedebd000 	C:\WINDOWS\System32\SHCORE.dll
0x00007fffed8c0000 - 0x00007fffed915000 	C:\WINDOWS\System32\shlwapi.dll
0x00007fffebcb0000 - 0x00007fffebcd3000 	C:\WINDOWS\SYSTEM32\profapi.dll
0x00007fffe6420000 - 0x00007fffe6439000 	C:\Users\1\AppData\Local\Programs\Android Studio\jbr\bin\net.dll
0x00007fffe2af0000 - 0x00007fffe2bfa000 	C:\WINDOWS\SYSTEM32\WINHTTP.dll
0x00007fffeb510000 - 0x00007fffeb57a000 	C:\WINDOWS\system32\mswsock.dll
0x00007fffe31e0000 - 0x00007fffe31f6000 	C:\Users\1\AppData\Local\Programs\Android Studio\jbr\bin\nio.dll
0x00007fffe29b0000 - 0x00007fffe29c0000 	C:\Users\1\AppData\Local\Programs\Android Studio\jbr\bin\verify.dll

dbghelp: loaded successfully - version: 4.0.5 - missing functions: none
symbol engine: initialized successfully - sym options: 0x614 - pdb path: .;C:\Users\1\AppData\Local\Programs\Android Studio\jbr\bin;C:\WINDOWS\SYSTEM32;C:\WINDOWS\WinSxS\amd64_microsoft.windows.common-controls_6595b64144ccf1df_6.0.19041.3636_none_60b6a03d71f818d5;C:\Users\1\AppData\Local\Programs\Android Studio\jbr\bin\server

VM Arguments:
java_command: org.jetbrains.kotlin.cli.jvm.K2JVMCompiler @C:\Users\1\AndroidStudioProjects\Android_HomeWork_7_2\app\build\20240512_6002232300927855732.compiler.options
java_class_path (initial): C:\Users\1\.gradle\caches\modules-2\files-2.1\org.jetbrains.kotlin\kotlin-compiler-embeddable\1.8.0\eb9118d4bcceaa2a94b2ae2a33a4ddba7c9a947f\kotlin-compiler-embeddable-1.8.0.jar;C:\Users\1\.gradle\caches\modules-2\files-2.1\org.jetbrains.kotlin\kotlin-stdlib\1.8.0\1796921c7a3e2e2665a83e6c8d33399336cd39bc\kotlin-stdlib-1.8.0.jar;C:\Users\1\.gradle\caches\modules-2\files-2.1\org.jetbrains.kotlin\kotlin-script-runtime\1.8.0\b2f7e760d283cb339974851c222a4c1d48f2d3d\kotlin-script-runtime-1.8.0.jar;C:\Users\1\.gradle\caches\modules-2\files-2.1\org.jetbrains.kotlin\kotlin-reflect\1.6.10\1cbe9c92c12a94eea200d23c2bbaedaf3daf5132\kotlin-reflect-1.6.10.jar;C:\Users\1\.gradle\caches\modules-2\files-2.1\org.jetbrains.kotlin\kotlin-daemon-embeddable\1.8.0\d255216c551685dc3a7e852b53617f5f01aaaa5c\kotlin-daemon-embeddable-1.8.0.jar;C:\Users\1\.gradle\caches\modules-2\files-2.1\org.jetbrains.intellij.deps\trove4j\1.0.20200330\3afb14d5f9ceb459d724e907a21145e8ff394f02\trove4j-1.0.20200330.jar;C:\Users\1\.gradle\caches\modules-2\files-2.1\net.java.dev.jna\jna\5.6.0\330f2244e9030119ab3030fc3fededc86713d9cc\jna-5.6.0.jar;C:\Users\1\.gradle\caches\modules-2\files-2.1\org.jetbrains.kotlin\kotlin-stdlib-common\1.8.0\f7197e7cc76453ac59f8b0f8d5137cc600becd36\kotlin-stdlib-common-1.8.0.jar;C:\Users\1\.gradle\caches\modules-2\files-2.1\org.jetbrains\annotations\13.0\919f0dfe192fb4e063e7dacadee7f8bb9a2672a9\annotations-13.0.jar
Launcher Type: SUN_STANDARD

[Global flags]
     intx CICompilerCount                          = 3                                         {product} {ergonomic}
     uint ConcGCThreads                            = 1                                         {product} {ergonomic}
     uint G1ConcRefinementThreads                  = 4                                         {product} {ergonomic}
   size_t G1HeapRegionSize                         = 1048576                                   {product} {ergonomic}
    uintx GCDrainStackTargetSize                   = 64                                        {product} {ergonomic}
   size_t InitialHeapSize                          = 100663296                                 {product} {ergonomic}
   size_t MarkStackSize                            = 4194304                                   {product} {ergonomic}
   size_t MaxHeapSize                              = 1579155456                                {product} {ergonomic}
   size_t MaxNewSize                               = 946864128                                 {product} {ergonomic}
   size_t MinHeapDeltaBytes                        = 1048576                                   {product} {ergonomic}
   size_t MinHeapSize                              = 8388608                                   {product} {ergonomic}
    uintx NonNMethodCodeHeapSize                   = 5832780                                {pd product} {ergonomic}
    uintx NonProfiledCodeHeapSize                  = 122912730                              {pd product} {ergonomic}
    uintx ProfiledCodeHeapSize                     = 122912730                              {pd product} {ergonomic}
    uintx ReservedCodeCacheSize                    = 251658240                              {pd product} {ergonomic}
     bool SegmentedCodeCache                       = true                                      {product} {ergonomic}
   size_t SoftMaxHeapSize                          = 1579155456                             {manageable} {ergonomic}
     bool UseCompressedClassPointers               = true                           {product lp64_product} {ergonomic}
     bool UseCompressedOops                        = true                           {product lp64_product} {ergonomic}
     bool UseG1GC                                  = true                                      {product} {ergonomic}
     bool UseLargePagesIndividualAllocation        = false                                  {pd product} {ergonomic}

Logging:
Log output configuration:
 #0: stdout all=warning uptime,level,tags
 #1: stderr all=off uptime,level,tags

Environment Variables:
JAVA_HOME=C:\Program Files\Java\jdk-21
PATH=C:\Program Files\Common Files\Oracle\Java\javapath;C:\Program Files (x86)\Intel\iCLS Client\;C:\Program Files\Intel\iCLS Client\;C:\Windows\system32;C:\Windows;C:\Windows\System32\Wbem;C:\Windows\System32\WindowsPowerShell\v1.0\;C:\Program Files (x86)\Intel\Intel(R) Management Engine Components\DAL;C:\Program Files\Intel\Intel(R) Management Engine Components\DAL;C:\Program Files (x86)\Intel\Intel(R) Management Engine Components\IPT;C:\Program Files\Intel\Intel(R) Management Engine Components\IPT;C:\Program Files (x86)\NVIDIA Corporation\PhysX\Common;C:\WINDOWS\system32;C:\WINDOWS;C:\WINDOWS\System32\Wbem;C:\WINDOWS\System32\WindowsPowerShell\v1.0\;C:\WINDOWS\System32\OpenSSH\;C:\Program Files\Git\cmd;C:\Program Files\dotnet\;C:\Program Files\Microsoft SQL Server\150\Tools\Binn\;C:\Program Files\Java\jdk-21\bin;C:\Program Files\Docker\Docker\resources\bin;C:\Users\1\Desktop\apache-maven-3.9.6-bin\apache-maven-3.9.6\bin;C:\Gradle\gradle-8.5-bin\gradle-8.5\bin;C:\Program Files\MySQL\MySQL Shell 8.0\bin\;C:\Users\1\AppData\Local\Microsoft\WindowsApps;C:\Users\1\.dotnet\tools;C:\Program Files\JetBrains\IntelliJ IDEA 2023.3.2\bin;C:\Program Files\JetBrains\IntelliJ IDEA Community Edition 2023.3.2\bin;C:\Users\1\AppData\Local\JetBrains\Toolbox\scripts;C:\Gradle\gradle-8.5-bin\gradle-8.5\bin;
USERNAME=1
OS=Windows_NT
PROCESSOR_IDENTIFIER=Intel64 Family 6 Model 142 Stepping 9, GenuineIntel
TMP=C:\Users\1\AppData\Local\Temp
TEMP=C:\Users\1\AppData\Local\Temp



Periodic native trim disabled

JNI global refs:
JNI global refs: 10, weak refs: 5

JNI global refs memory usage: 843, weak refs: 841

OOME stack traces (most recent first):
Classloader memory used:
Loader jdk.internal.loader.ClassLoaders$AppClassLoader                                 : 8922K
Loader bootstrap                                                                       : 1649K
Loader jdk.internal.loader.ClassLoaders$PlatformClassLoader                            : 34452B
Loader jdk.internal.reflect.DelegatingClassLoader                                      : 15078B


---------------  S Y S T E M  ---------------

OS:
 Windows 10 , 64 bit Build 19041 (10.0.19041.3636)
OS uptime: 1 days 4:03 hours
Hyper-V role detected

CPU: total 4 (initial active 4) (2 cores per cpu, 2 threads per core) family 6 model 142 stepping 9 microcode 0xb4, cx8, cmov, fxsr, ht, mmx, 3dnowpref, sse, sse2, sse3, ssse3, sse4.1, sse4.2, popcnt, lzcnt, tsc, tscinvbit, avx, avx2, aes, erms, clmul, bmi1, bmi2, adx, fma, vzeroupper, clflush, clflushopt, hv
Processor Information for all 4 processors :
  Max Mhz: 2712, Current Mhz: 2511, Mhz Limit: 2495

Memory: 4k page, system-wide physical 6019M (358M free)
TotalPageFile size 24451M (AvailPageFile size 141M)
current process WorkingSet (physical memory assigned to process): 335M, peak: 337M
current process commit charge ("private bytes"): 364M, peak: 550M

vm_info: OpenJDK 64-Bit Server VM (17.0.9+0--11185874) for windows-amd64 JRE (17.0.9+0--11185874), built on Dec  6 2023 18:57:44 by "androidbuild" with MS VC++ 16.10 / 16.11 (VS2019)

END.
